# JRE version: Java(TM) SE Runtime Environment (8.0_25-b18) (build 1.8.0_25-b18)
# Java VM: Java HotSpot(TM) 64-Bit Server VM (25.25-b02 mixed mode windows-amd64 compressed oops)
Heap:
 PSYoungGen      total 460800K, used 260050K [0x00000000d6c00000, 0x00000000f5200000, 0x0000000100000000)
  eden space 444928K, 54% used [0x00000000d6c00000,0x00000000e5a74a40,0x00000000f1e80000)
  from space 15872K, 100% used [0x00000000f3480000,0x00000000f4400000,0x00000000f4400000)
  to   space 22528K, 0% used [0x00000000f1e80000,0x00000000f1e80000,0x00000000f3480000)
 ParOldGen       total 81920K, used 30142K [0x0000000084400000, 0x0000000089400000, 0x00000000d6c00000)
  object space 81920K, 36% used [0x0000000084400000,0x000000008616fa30,0x0000000089400000)
 Metaspace       used 8324K, capacity 8442K, committed 8704K, reserved 1056768K
  class space    used 907K, capacity 951K, committed 1024K, reserved 1048576K
GC Heap History (10 events):
Event: 2.336 GC heap before
{Heap before GC invocations=7 (full 1):
 PSYoungGen      total 132096K, used 131380K [0x00000000d6c00000, 0x00000000e4c00000, 0x0000000100000000)
  eden space 126976K, 100% used [0x00000000d6c00000,0x00000000de800000,0x00000000de800000)
  from space 5120K, 86% used [0x00000000de800000,0x00000000dec4d380,0x00000000ded00000)
  to   space 5120K, 0% used [0x00000000e4700000,0x00000000e4700000,0x00000000e4c00000)
 ParOldGen       total 81920K, used 8238K [0x0000000084400000, 0x0000000089400000, 0x00000000d6c00000)
  object space 81920K, 10% used [0x0000000084400000,0x0000000084c0b880,0x0000000089400000)
 Metaspace       used 8276K, capacity 8442K, committed 8704K, reserved 1056768K
  class space    used 904K, capacity 951K, committed 1024K, reserved 1048576K
Event: 2.339 GC heap after
Heap after GC invocations=7 (full 1):
 PSYoungGen      total 217600K, used 5104K [0x00000000d6c00000, 0x00000000e4c00000, 0x0000000100000000)
  eden space 212480K, 0% used [0x00000000d6c00000,0x00000000d6c00000,0x00000000e3b80000)
  from space 5120K, 99% used [0x00000000e4700000,0x00000000e4bfc250,0x00000000e4c00000)
  to   space 8192K, 0% used [0x00000000e3c00000,0x00000000e3c00000,0x00000000e4400000)
 ParOldGen       total 81920K, used 12175K [0x0000000084400000, 0x0000000089400000, 0x00000000d6c00000)
  object space 81920K, 14% used [0x0000000084400000,0x0000000084fe3f60,0x0000000089400000)
 Metaspace       used 8276K, capacity 8442K, committed 8704K, reserved 1056768K
  class space    used 904K, capacity 951K, committed 1024K, reserved 1048576K
}
Event: 2.658 GC heap before
{Heap before GC invocations=8 (full 1):
 PSYoungGen      total 217600K, used 217584K [0x00000000d6c00000, 0x00000000e4c00000, 0x0000000100000000)
  eden space 212480K, 100% used [0x00000000d6c00000,0x00000000e3b80000,0x00000000e3b80000)
  from space 5120K, 99% used [0x00000000e4700000,0x00000000e4bfc250,0x00000000e4c00000)
  to   space 8192K, 0% used [0x00000000e3c00000,0x00000000e3c00000,0x00000000e4400000)
 ParOldGen       total 81920K, used 12175K [0x0000000084400000, 0x0000000089400000, 0x00000000d6c00000)
  object space 81920K, 14% used [0x0000000084400000,0x0000000084fe3f60,0x0000000089400000)
 Metaspace       used 8302K, capacity 8442K, committed 8704K, reserved 1056768K
  class space    used 905K, capacity 951K, committed 1024K, reserved 1048576K
Event: 2.663 GC heap after
Heap after GC invocations=8 (full 1):
 PSYoungGen      total 221184K, used 8176K [0x00000000d6c00000, 0x00000000ed200000, 0x0000000100000000)
  eden space 212992K, 0% used [0x00000000d6c00000,0x00000000d6c00000,0x00000000e3c00000)
  from space 8192K, 99% used [0x00000000e3c00000,0x00000000e43fc250,0x00000000e4400000)
  to   space 10240K, 0% used [0x00000000ec800000,0x00000000ec800000,0x00000000ed200000)
 ParOldGen       total 81920K, used 13131K [0x0000000084400000, 0x0000000089400000, 0x00000000d6c00000)
  object space 81920K, 16% used [0x0000000084400000,0x00000000850d2c30,0x0000000089400000)
 Metaspace       used 8302K, capacity 8442K, committed 8704K, reserved 1056768K
  class space    used 905K, capacity 951K, committed 1024K, reserved 1048576K
}
Event: 2.907 GC heap before
{Heap before GC invocations=9 (full 1):
 PSYoungGen      total 221184K, used 221168K [0x00000000d6c00000, 0x00000000ed200000, 0x0000000100000000)
  eden space 212992K, 100% used [0x00000000d6c00000,0x00000000e3c00000,0x00000000e3c00000)
  from space 8192K, 99% used [0x00000000e3c00000,0x00000000e43fc250,0x00000000e4400000)
  to   space 10240K, 0% used [0x00000000ec800000,0x00000000ec800000,0x00000000ed200000)
 ParOldGen       total 81920K, used 13131K [0x0000000084400000, 0x0000000089400000, 0x00000000d6c00000)
  object space 81920K, 16% used [0x0000000084400000,0x00000000850d2c30,0x0000000089400000)
 Metaspace       used 8302K, capacity 8442K, committed 8704K, reserved 1056768K
  class space    used 905K, capacity 951K, committed 1024K, reserved 1048576K
Event: 2.911 GC heap after
Heap after GC invocations=9 (full 1):
 PSYoungGen      total 348160K, used 9152K [0x00000000d6c00000, 0x00000000ed100000, 0x0000000100000000)
  eden space 338944K, 0% used [0x00000000d6c00000,0x00000000d6c00000,0x00000000eb700000)
  from space 9216K, 99% used [0x00000000ec800000,0x00000000ed0f0260,0x00000000ed100000)
  to   space 11776K, 0% used [0x00000000eba00000,0x00000000eba00000,0x00000000ec580000)
 ParOldGen       total 81920K, used 13131K [0x0000000084400000, 0x0000000089400000, 0x00000000d6c00000)
  object space 81920K, 16% used [0x0000000084400000,0x00000000850d2c30,0x0000000089400000)
 Metaspace       used 8302K, capacity 8442K, committed 8704K, reserved 1056768K
  class space    used 905K, capacity 951K, committed 1024K, reserved 1048576K
}
Event: 3.359 GC heap before
{Heap before GC invocations=10 (full 1):
 PSYoungGen      total 348160K, used 348096K [0x00000000d6c00000, 0x00000000ed100000, 0x0000000100000000)
  eden space 338944K, 100% used [0x00000000d6c00000,0x00000000eb700000,0x00000000eb700000)
  from space 9216K, 99% used [0x00000000ec800000,0x00000000ed0f0260,0x00000000ed100000)
  to   space 11776K, 0% used [0x00000000eba00000,0x00000000eba00000,0x00000000ec580000)
 ParOldGen       total 81920K, used 13131K [0x0000000084400000, 0x0000000089400000, 0x00000000d6c00000)
  object space 81920K, 16% used [0x0000000084400000,0x00000000850d2c30,0x0000000089400000)
 Metaspace       used 8305K, capacity 8442K, committed 8704K, reserved 1056768K
  class space    used 905K, capacity 951K, committed 1024K, reserved 1048576K
Event: 3.366 GC heap after
Heap after GC invocations=10 (full 1):
 PSYoungGen      total 353792K, used 11776K [0x00000000d6c00000, 0x00000000f4400000, 0x0000000100000000)
  eden space 342016K, 0% used [0x00000000d6c00000,0x00000000d6c00000,0x00000000eba00000)
  from space 11776K, 100% used [0x00000000eba00000,0x00000000ec580000,0x00000000ec580000)
  to   space 15872K, 0% used [0x00000000f3480000,0x00000000f3480000,0x00000000f4400000)
 ParOldGen       total 81920K, used 18430K [0x0000000084400000, 0x0000000089400000, 0x00000000d6c00000)
  object space 81920K, 22% used [0x0000000084400000,0x00000000855ffbf0,0x0000000089400000)
 Metaspace       used 8305K, capacity 8442K, committed 8704K, reserved 1056768K
  class space    used 905K, capacity 951K, committed 1024K, reserved 1048576K
}
Event: 3.769 GC heap before
{Heap before GC invocations=11 (full 1):
 PSYoungGen      total 353792K, used 353792K [0x00000000d6c00000, 0x00000000f4400000, 0x0000000100000000)
  eden space 342016K, 100% used [0x00000000d6c00000,0x00000000eba00000,0x00000000eba00000)
  from space 11776K, 100% used [0x00000000eba00000,0x00000000ec580000,0x00000000ec580000)
  to   space 15872K, 0% used [0x00000000f3480000,0x00000000f3480000,0x00000000f4400000)
 ParOldGen       total 81920K, used 18430K [0x0000000084400000, 0x0000000089400000, 0x00000000d6c00000)
  object space 81920K, 22% used [0x0000000084400000,0x00000000855ffbf0,0x0000000089400000)
 Metaspace       used 8314K, capacity 8442K, committed 8704K, reserved 1056768K
  class space    used 905K, capacity 951K, committed 1024K, reserved 1048576K
Event: 3.779 GC heap after
Heap after GC invocations=11 (full 1):
 PSYoungGen      total 460800K, used 15872K [0x00000000d6c00000, 0x00000000f5200000, 0x0000000100000000)
  eden space 444928K, 0% used [0x00000000d6c00000,0x00000000d6c00000,0x00000000f1e80000)
  from space 15872K, 100% used [0x00000000f3480000,0x00000000f4400000,0x00000000f4400000)
  to   space 22528K, 0% used [0x00000000f1e80000,0x00000000f1e80000,0x00000000f3480000)
 ParOldGen       total 81920K, used 30142K [0x0000000084400000, 0x0000000089400000, 0x00000000d6c00000)
  object space 81920K, 36% used [0x0000000084400000,0x000000008616fa30,0x0000000089400000)
 Metaspace       used 8314K, capacity 8442K, committed 8704K, reserved 1056768K
  class space    used 905K, capacity 951K, committed 1024K, reserved 1048576K
}

